[debug] [2024-04-22T16:47:36.991Z] ----------------------------------------------------------------------
[debug] [2024-04-22T16:47:36.994Z] Command:       C:\Program Files\nodejs\node.exe C:\Users\7TH GEN\AppData\Roaming\npm\node_modules\firebase-tools\lib\bin\firebase.js init
[debug] [2024-04-22T16:47:36.994Z] CLI Version:   13.7.3
[debug] [2024-04-22T16:47:36.994Z] Platform:      win32
[debug] [2024-04-22T16:47:36.994Z] Node Version:  v20.4.0
[debug] [2024-04-22T16:47:36.995Z] Time:          Mon Apr 22 2024 18:47:36 GMT+0200 (Central Africa Time)
[debug] [2024-04-22T16:47:36.995Z] ----------------------------------------------------------------------
[debug] 
[debug] [2024-04-22T16:47:37.003Z] > command requires scopes: ["email","openid","https://www.googleapis.com/auth/cloudplatformprojects.readonly","https://www.googleapis.com/auth/firebase","https://www.googleapis.com/auth/cloud-platform"]
[debug] [2024-04-22T16:47:37.004Z] > authorizing via signed-in user (bsc-35-21@unima.ac.mw)
[info] 
     ######## #### ########  ######## ########     ###     ######  ########
     ##        ##  ##     ## ##       ##     ##  ##   ##  ##       ##
     ######    ##  ########  ######   ########  #########  ######  ######
     ##        ##  ##    ##  ##       ##     ## ##     ##       ## ##
     ##       #### ##     ## ######## ########  ##     ##  ######  ########

You're about to initialize a Firebase project in this directory:

  C:\Users\7TH GEN\Downloads\New folder\traat\traat2

[info] 
=== Project Setup
[info] 
[info] First, let's associate this project directory with a Firebase project.
[info] You can create multiple project aliases by running firebase use --add, 
[info] but for now we'll just set up a default project.
[info] 
[debug] [2024-04-22T16:49:03.499Z] >>> [apiv2][query] GET https://firebase.googleapis.com/v1beta1/projects pageSize=100
[debug] [2024-04-22T16:49:04.940Z] <<< [apiv2][status] GET https://firebase.googleapis.com/v1beta1/projects 200
[debug] [2024-04-22T16:49:04.940Z] <<< [apiv2][body] GET https://firebase.googleapis.com/v1beta1/projects [omitted]
[info] i  Using project ytubevideo-downloader (youtube-video downloader) 
[info] 
=== Hosting Setup
[debug] [2024-04-22T16:49:10.497Z] >>> [apiv2][query] GET https://firebase.googleapis.com/v1beta1/projects/ytubevideo-downloader [none]
[debug] [2024-04-22T16:49:11.548Z] <<< [apiv2][status] GET https://firebase.googleapis.com/v1beta1/projects/ytubevideo-downloader 200
[debug] [2024-04-22T16:49:11.549Z] <<< [apiv2][body] GET https://firebase.googleapis.com/v1beta1/projects/ytubevideo-downloader {"projectId":"ytubevideo-downloader","projectNumber":"582658871977","displayName":"youtube-video downloader","name":"projects/ytubevideo-downloader","resources":{"hostingSite":"ytubevideo-downloader"},"state":"ACTIVE","etag":"1_20b411ac-4c73-4a86-8e5f-3dbd328602c6"}
[info] 
[info] Your public directory is the folder (relative to your project directory) that
[info] will contain Hosting assets to be uploaded with firebase deploy. If you
[info] have a build process for your assets, use your build's output directory.
[info] 
[debug] [2024-04-22T16:50:05.937Z] >>> [apiv2][query] GET https://www.gstatic.com/firebasejs/releases.json [none]
[debug] [2024-04-22T16:50:06.872Z] <<< [apiv2][status] GET https://www.gstatic.com/firebasejs/releases.json 200
[debug] [2024-04-22T16:50:06.873Z] <<< [apiv2][body] GET https://www.gstatic.com/firebasejs/releases.json {"current":{"version":"10.11.0","browserURL":"https://www.gstatic.com/firebasejs/10.11.0/firebase.js","packageURL":"https://www.gstatic.com/firebasejs/10.11.0/firebase.tgz"},"live":{"version":"10.11","browserURL":"https://www.gstatic.com/firebasejs/live/10.11/firebase.js","packageURL":"https://www.gstatic.com/firebasejs/live/10.11/firebase.tgz"},"components":{"analytics":"https://www.gstatic.com/firebasejs/10.11.0/firebase-analytics.js","app":"https://www.gstatic.com/firebasejs/10.11.0/firebase-app.js","app-check":"https://www.gstatic.com/firebasejs/10.11.0/firebase-app-check.js","auth":"https://www.gstatic.com/firebasejs/10.11.0/firebase-auth.js","auth/cordova":"https://www.gstatic.com/firebasejs/10.11.0/firebase-auth/cordova.js","auth/web-extension":"https://www.gstatic.com/firebasejs/10.11.0/firebase-auth/web-extension.js","functions":"https://www.gstatic.com/firebasejs/10.11.0/firebase-functions.js","firestore":"https://www.gstatic.com/firebasejs/10.11.0/firebase-firestore.js","firestore/lite":"https://www.gstatic.com/firebasejs/10.11.0/firebase-firestore/lite.js","installations":"https://www.gstatic.com/firebasejs/10.11.0/firebase-installations.js","storage":"https://www.gstatic.com/firebasejs/10.11.0/firebase-storage.js","performance":"https://www.gstatic.com/firebasejs/10.11.0/firebase-performance.js","remote-config":"https://www.gstatic.com/firebasejs/10.11.0/firebase-remote-config.js","messaging":"https://www.gstatic.com/firebasejs/10.11.0/firebase-messaging.js","messaging/sw":"https://www.gstatic.com/firebasejs/10.11.0/firebase-messaging/sw.js","database":"https://www.gstatic.com/firebasejs/10.11.0/firebase-database.js","firestore.memory":"https://www.gstatic.com/firebasejs/10.11.0/firebase-firestore.memory.js"}}
[info] +  Wrote public/index.html 
[info] 
[info] i  Didn't detect a .git folder. Assuming C:\Users\7TH GEN\Downloads\New folder\traat\traat2 is the project root. 
[info] i  Authorizing with GitHub to upload your service account to a GitHub repository's secrets store. 
[info] 
[info] Visit this URL on this device to log in:
[info] https://github.com/login/oauth/authorize?client_id=89cf50f02ac6aaed3484&state=578478750&redirect_uri=http%3A%2F%2Flocalhost%3A9005&scope=read%3Auser%20repo%20public_repo
[info] 
[info] Waiting for authentication...
[debug] [2024-04-22T16:50:22.200Z] >>> [apiv2][query] POST https://github.com/login/oauth/access_token [none]
[debug] [2024-04-22T16:50:22.201Z] >>> [apiv2][body] POST https://github.com/login/oauth/access_token [stream]
[debug] [2024-04-22T16:50:23.514Z] <<< [apiv2][status] POST https://github.com/login/oauth/access_token 200
[debug] [2024-04-22T16:50:23.514Z] <<< [apiv2][body] POST https://github.com/login/oauth/access_token {"access_token":"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","token_type":"bearer","scope":"read:user,repo"}
[debug] [2024-04-22T16:50:23.617Z] >>> [apiv2][query] GET https://api.github.com/user [none]
[debug] [2024-04-22T16:50:25.672Z] <<< [apiv2][status] GET https://api.github.com/user 200
[debug] [2024-04-22T16:50:25.672Z] <<< [apiv2][body] GET https://api.github.com/user {"login":"Rbitah","id":118397964,"node_id":"U_kgDOBw6cDA","avatar_url":"https://avatars.githubusercontent.com/u/118397964?v=4","gravatar_id":"","url":"https://api.github.com/users/Rbitah","html_url":"https://github.com/Rbitah","followers_url":"https://api.github.com/users/Rbitah/followers","following_url":"https://api.github.com/users/Rbitah/following{/other_user}","gists_url":"https://api.github.com/users/Rbitah/gists{/gist_id}","starred_url":"https://api.github.com/users/Rbitah/starred{/owner}{/repo}","subscriptions_url":"https://api.github.com/users/Rbitah/subscriptions","organizations_url":"https://api.github.com/users/Rbitah/orgs","repos_url":"https://api.github.com/users/Rbitah/repos","events_url":"https://api.github.com/users/Rbitah/events{/privacy}","received_events_url":"https://api.github.com/users/Rbitah/received_events","type":"User","site_admin":false,"name":"Rbitah","company":null,"blog":"","location":null,"email":null,"hireable":null,"bio":"Robert Bitah \r\n#traat_tech","twitter_username":null,"public_repos":5,"public_gists":0,"followers":0,"following":3,"created_at":"2022-11-16T21:11:27Z","updated_at":"2024-04-17T16:48:40Z","private_gists":0,"total_private_repos":0,"owned_private_repos":0,"disk_usage":12,"collaborators":0,"two_factor_authentication":false,"plan":{"name":"free","space":976562499,"collaborators":0,"private_repos":10000}}
[info] 
[info] +  Success! Logged into GitHub as Rbitah 
[info] 
